#0.9	130	50	1.619436525	-5.55800738766e-10	0	-7.99368459916e-14	-1.63351148939e-07
#0.9	130	100	1.619436525	-5.05759434333e-10	0	1.67940367725e-09	-1.2483099475e-07

0.9	1800	50	1.619436525	7.28306304154e-13	0	-3.33541092331e-10	-1.53691531661e-09
0.9	1800	100	1.619436525	3.13193915247e-13	0	-3.63600555131e-11	-1.09370004476e-09


0.9	130	50	1.619436525	-5.55800072632e-10	0	-7.99504501879e-14	-1.63351152825e-07
0.9	180	50	1.619436525	-1.50256918019e-10	0	-6.62941504101e-10	-9.01046489145e-08
0.9	230	50	1.619436525	-5.58582069488e-11	0	-6.7285336496e-10	-5.78311645838e-08
0.9	280	50	1.619436525	-2.50703902083e-11	0	-6.18089944166e-10	-4.05852425402e-08
0.9	330	50	1.619436525	-1.26916255283e-11	0	-5.67152520427e-10	-3.02155392436e-08
0.9	380	50	1.619436525	-6.94622137587e-12	0	-5.26978058209e-10	-2.34615755441e-08
0.9	430	50	1.619436525	-3.97015753606e-12	0	-4.9590022184e-10	-1.88005833979e-08
0.9	480	50	1.619436525	-2.34634534024e-12	0	-4.71594395346e-10	-1.54397259637e-08
0.9	530	50	1.619436525	-1.36779476634e-12	0	-4.52240555655e-10	-1.29314284732e-08
0.9	580	50	1.619436525	-7.78710429472e-13	0	-4.36539464551e-10	-1.10067081858e-08
0.9	630	50	1.619436525	-3.54605234065e-13	0	-4.23581617531e-10	-9.49560335968e-09
0.9	680	50	1.619436525	-1.08357767203e-13	0	-4.12720387826e-10	-8.28625176158e-09
0.9	685	50	1.619436525	-8.92619311799e-14	0	-4.1173080598e-10	-8.17875254325e-09
0.9	690	50	1.619436525	-7.08322289711e-14	0	-4.10756871771e-10	-8.07342738262e-09
0.9	695	50	1.619436525	-9.32587340685e-15	0	-4.09798345132e-10	-7.97021784445e-09
0.9	700	50	1.619436525	-7.54951656745e-15	0	-4.08855154027e-10	-7.86906926653e-09
0.9	705	50	1.619436525	-3.10862446895e-15	0	-4.07926158166e-10	-7.76992815259e-09
0.9	710	50	1.619436525	8.99280649946e-15	0	-4.07012317169e-10	-7.67273417815e-09
0.9	715	50	1.619436525	2.32036612147e-14	0	-4.06112734773e-10	-7.57744183964e-09
0.9	720	50	1.619436525	5.57331958362e-14	0	-4.05226072266e-10	-7.48399609952e-09
0.9	725	50	1.619436525	7.52731210696e-14	0	-4.04352875541e-10	-7.39235568869e-09
0.9	730	50	1.619436525	1.08357767203e-13	0	-4.03493525975e-10	-7.30246844296e-09
0.9	780	50	1.619436525	2.56239474083e-13	0	-3.95560643799e-10	-6.49084301396e-09
0.9	830	50	1.619436525	3.42503803097e-13	0	-3.88667759464e-10	-5.81299828289e-09
0.9	880	50	1.619436525	3.67705865756e-13	0	-3.82624175557e-10	-5.24076011717e-09
0.9	930	50	1.619436525	4.76729766774e-13	0	-3.77281716e-10	-4.75305282377e-09



0.9	705	50	1.619436525	-2.44249065418e-15	0	-4.07926245472e-10	-7.76992914909e-09
0.9	705	55	1.619436525	-2.44027020813e-13	0	-2.91927234528e-10	-7.47823532811e-09
0.9	705	60	1.619436525	-3.02424751908e-13	0	-2.16574529522e-10	-7.21962921579e-09
0.9	705	65	1.619436525	-3.74145159299e-13	0	-1.65722453617e-10	-6.98613942793e-09
0.9	705	70	1.619436525	-4.22328838567e-13	0	-1.30282701416e-10	-6.77288224321e-09
0.9	705	75	1.619436525	-4.54081217072e-13	0	-1.04891678412e-10	-6.5765824495e-09
0.9	705	80	1.619436525	-4.56523707726e-13	0	-8.62616939362e-11	-6.39491425077e-09
0.9	705	85	1.619436525	-4.94493335168e-13	0	-7.23016637556e-11	-6.22602066447e-09
0.9	705	90	1.619436525	-4.86499729391e-13	0	-6.16469340198e-11	-6.06851153613e-09
0.9	705	95	1.619436525	-4.47197834319e-13	0	-5.33778083847e-11	-5.92115531668e-09
0.9	705	100	1.619436525	-4.61630733639e-13	0	-4.68668532914e-11	-5.7829271908e-09
0.9	705	110	1.619436525	-4.54969395491e-13	0	-3.74755598877e-11	-5.53057954598e-09
0.9	705	120	1.619436525	-4.80282480453e-13	0	-3.12212627151e-11	-5.30570314111e-09
0.9	705	130	1.619436525	-4.54303261677e-13	0	-2.68926288675e-11	-5.10393823911e-09
0.9	705	140	1.619436525	-4.33431068814e-13	0	-2.37959419205e-11	-4.9218062739e-09
0.9	705	150	1.619436525	-4.08117983852e-13	0	-2.15150617103e-11	-4.75631336379e-09
0.9	705	160	1.619436525	-3.86801701779e-13	0	-1.97970032651e-11	-4.60538747541e-09

0.9	800	160	1.619436525	-1.77857728545e-13	0	-1.95124129749e-11	-3.6838440506e-09
0.9	805	160	1.619436525	-1.6142642778e-13	0	-1.94952909805e-11	-3.64361534169e-09
0.9	810	160	1.619436525	-1.49880108324e-13	0	-1.9479094161e-11	-3.60401360182e-09
0.9	815	160	1.619436525	-1.12354570092e-13	0	-1.94614966881e-11	-3.56506096641e-09
0.9	820	160	1.619436525	-1.36557432029e-13	0	-1.94436388497e-11	-3.52681397631e-09
0.9	825	160	1.619436525	-1.38999922683e-13	0	-1.94256724619e-11	-3.48920272078e-09
0.9	830	160	1.619436525	-1.34781075189e-13	0	-1.94091221315e-11	-3.45220093775e-09
0.9	835	160	1.619436525	-1.11022302463e-13	0	-1.9391566982e-11	-3.41585491029e-09
0.9	840	160	1.619436525	-1.67865721323e-13	0	-1.93744159785e-11	-3.38001429946e-09
0.9	845	160	1.619436525	-9.68114477473e-14	0	-1.93574630803e-11	-3.34485315109e-09
0.9	850	160	1.619436525	-4.28546087505e-14	0	-1.9340469698e-11	-3.31024487684e-09
0.9	855	160	1.619436525	-7.94919685632e-14	0	-1.93222990785e-11	-3.27619155749e-09
0.9	860	160	1.619436525	-3.97459842816e-14	0	-1.93062966583e-11	-3.242666844e-09
0.9	865	160	1.619436525	-8.34887714518e-14	0	-1.92878106313e-11	-3.20970558944e-09
#0.9	1800	160	1.619436525	3.4672265059e-13	0	-1.74788792396e-11	-8.82969229594e-10
0.9	900	160	1.619436525	-5.81756864904e-14	0	-1.91667765091e-11	-2.99295074717e-09
0.9	903	160	1.619436525	-2.79776202206e-14	0	-1.91593825073e-11	-2.97544295473e-09
0.9	904	160	1.619436525	-4.08562073062e-14	0	-1.91556028987e-11	-2.96964158876e-09
0.9	905	160	1.619436525	-6.66133814775e-15	0	-1.91519801446e-11	-2.96388007956e-09
0.9	906	160	1.619436525	1.66533453694e-15	0	-1.91489297871e-11	-2.95809575645e-09
0.9	907	160	1.619436525	4.56301663121e-14	0	-1.91459900864e-11	-2.95235541951e-09
0.9	915	160	1.619436525	4.7517545454e-14	0	-1.91185489579e-11	-2.90702229425e-09
0.9	930	160	1.619436525	1.01030295241e-13	0	-1.90685374862e-11	-2.82489373644e-09



0.9	906	250	1.619436525	1.75304215588e-13	0	-1.4449471028e-11	-2.35303518264e-09
0.9	906	160	1.619436525	2.10942374679e-15	0	-1.91490283962e-11	-2.9581054601e-09

#Mesh II (for comparison)
#0.9	906	160	1.619436525	-4.22550883172e-13	0	-1.45836641084e-11	-2.37768244934e-09
0.99	647	60	12.635047045	-4.283240429e-13	0	7.38484855293e-14	-8.93819476115e-11
0.99	647	60	12.635047045	-4.283240429e-13	0	7.38528000471e-14	-8.93819893931e-11
