#Using mesh II
0.8	130	50	1	8.71516891987e-09	9.99018223702e-09	3.27448138864e-09	6.26625295968e-08
0.8	130	50	1.010344827	8.62793025913e-09	9.77278558079e-09	3.11612884335e-09	6.19971944753e-08
0.8	130	50	1.020793102	8.54203996425e-09	9.55745160791e-09	2.95973648668e-09	6.13268421125e-08
0.8	130	50	1.031345859	8.45748449052e-09	9.34414923215e-09	2.80526097473e-09	6.06515358651e-08
0.8	130	50	1.042004143	8.37423441702e-09	9.13286934967e-09	2.65265957145e-09	5.9971323479e-08
0.8	130	50	1.052769009	8.29227808641e-09	8.92357765458e-09	2.50189014247e-09	5.92862260218e-08
0.8	130	50	1.063641523	8.21159795716e-09	8.71625882581e-09	2.3529105238e-09	5.85963432857e-08
0.8	130	50	1.074622762	8.13217393425e-09	8.51090165011e-09	2.20568079654e-09	5.79016811989e-08
0.8	130	50	1.085713813	8.05399280601e-09	8.30747792779e-09	2.06015982222e-09	5.72023335883e-08
0.8	130	50	1.096915774	7.97703514355e-09	8.10596445522e-09	1.91630859071e-09	5.64983134054e-08
0.8	130	50	1.108229754	7.90128751316e-09	7.90635090731e-09	1.77408813671e-09	5.57897115059e-08
0.8	130	50	1.119656873	7.82672504585e-09	7.70860719701e-09	1.63346006194e-09	5.50765557992e-08
0.8	130	50	1.131198263	7.75334407788e-09	7.51272388744e-09	1.49438688798e-09	5.43589431581e-08
0.8	130	50	1.142855066	7.68111674265e-09	7.31867877413e-09	1.35683085585e-09	5.36368478919e-08
0.8	130	50	1.154628437	7.61004181893e-09	7.12644321332e-09	1.22075619343e-09	5.29104092561e-08
0.8	130	50	1.166519541	7.54008167014e-09	6.93601320823e-09	1.08612620409e-09	5.21796637374e-08
0.8	130	50	1.178529556	7.47124873079e-09	6.74736033712e-09	9.52905379998e-10	5.14446460903e-08
0.8	130	50	1.190659671	7.40351313588e-09	6.56046617031e-09	8.21058769935e-10	5.07054494788e-08
0.8	130	50	1.202911087	7.33685567855e-09	6.37531516468e-09	6.90552390886e-10	4.99620939085e-08
0.8	130	50	1.215285017	7.27127791311e-09	6.19190498874e-09	5.61351396335e-10	4.92146928153e-08
0.8	130	50	1.227782686	7.20675286114e-09	6.01017102753e-09	4.33423271895e-10	4.84632710941e-08
0.8	130	50	1.240405331	7.1432733062e-09	5.8301499184e-09	3.06733635811e-10	4.77078956484e-08
0.8	130	50	1.253154202	7.08082725787e-09	5.65178626122e-09	1.81250962983e-10	4.69486357408e-08
0.8	130	50	1.266030561	7.01939795178e-09	5.47508716142e-09	5.69424532075e-11	4.61855750318e-08
0.8	130	50	1.279035683	6.95897917069e-09	5.30002430832e-09	-6.62232883073e-11	4.54187223952e-08
0.8	130	50	1.292170856	6.89955259592e-09	5.12657438723e-09	-1.88278103262e-10	4.46482141308e-08
0.8	130	50	1.30543738	6.84110923466e-09	4.95472496365e-09	-3.09252136306e-10	4.3874075166e-08
0.8	130	50	1.318836569	6.783624662e-09	4.78445882912e-09	-4.29176467985e-10	4.30963749579e-08
0.8	130	50	1.332369749	6.72710576133e-09	4.61576632471e-09	-5.48081210192e-10	4.2315184811e-08
0.8	130	50	1.34603826	6.67153521317e-09	4.44861536497e-09	-6.659963972e-10	4.15305657595e-08
0.8	130	50	1.359384417	6.61869126173e-09	4.28847712897e-09	-7.79095753422e-10	4.07687441915e-08
0.8	130	50	1.372864035	6.56670318122e-09	4.12967737784e-09	-8.91360155056e-10	4.00036153702e-08
0.8	130	50	1.386478449	6.51555054354e-09	3.97225607962e-09	-1.00281489515e-09	3.92351812635e-08
0.8	130	50	1.400229007	6.46522557712e-09	3.81617204503e-09	-1.11348346274e-09	3.84636001224e-08
0.8	130	50	1.41411707	6.41572273086e-09	3.66141950092e-09	-1.22339175917e-09	3.76888480929e-08
0.8	130	50	1.428144013	6.36703956225e-09	3.50798512461e-09	-1.33256278204e-09	3.69110732105e-08
0.8	130	50	1.442311225	6.31915075822e-09	3.35585648159e-09	-1.44102112291e-09	3.61302553063e-08
0.8	130	50	1.456620109	6.27207707993e-09	3.2050182508e-09	-1.54879033812e-09	3.53465393847e-08
0.8	130	50	1.471072081	6.2257847766e-09	3.05546921098e-09	-1.6558945915e-09	3.45599383198e-08
0.8	130	50	1.485668572	6.18027085064e-09	2.90718837892e-09	-1.76235678326e-09	3.37705452663e-08
0.8	130	50	1.500411027	6.13554296258e-09	2.7601522179e-09	-1.86820027804e-09	3.29784148877e-08
0.8	130	50	1.515300906	6.09157924103e-09	2.61437571591e-09	-1.97344802935e-09	3.21836101529e-08
0.8	130	50	1.530339683	6.04838168439e-09	2.46983233865e-09	-2.07812353877e-09	3.13862220391e-08
0.8	130	50	1.545528847	6.0059340834e-09	2.32651231613e-09	-2.18224881585e-09	3.05863284621e-08
0.8	130	50	1.560869902	5.96423832544e-09	2.1843958864e-09	-2.28584713733e-09	2.97839725777e-08
0.8	130	50	1.576364367	5.9232784233e-09	2.04348360455e-09	-2.38894086088e-09	2.89792212384e-08
0.8	130	50	1.592013776	5.88306303673e-09	1.90375915032e-09	-2.49155249401e-09	2.81721568637e-08
0.8	130	50	1.607819679	5.84356740774e-09	1.76521319784e-09	-2.59370382573e-09	2.73628532799e-08
0.8	130	50	1.623783641	5.80479220247e-09	1.6278318693e-09	-2.69541721669e-09	2.65513811511e-08
0.8	130	50	1.639907242	5.76674363817e-09	1.49159984364e-09	-2.79671502653e-09	2.5737790459e-08
0.8	130	50	1.656192079	5.72939995447e-09	1.35652167277e-09	-2.89761813818e-09	2.49222030316e-08
0.8	130	50	1.672639764	5.69276514817e-09	1.22257626245e-09	-2.99814967391e-09	2.41046511158e-08
0.8	130	50	1.689251925	5.65682622966e-09	1.08974984592e-09	-3.09833058272e-09	2.32852298789e-08
0.8	130	50	1.706030207	5.62158342099e-09	9.58038204324e-10	-3.19818250116e-09	2.24639933291e-08
0.8	130	50	1.722976271	5.58702684117e-09	8.27420354454e-10	-3.29772707263e-09	2.16410431793e-08
0.8	130	50	1.740091795	5.55315626816e-09	6.97901514357e-10	-3.39698580075e-09	2.08164255932e-08
0.8	130	50	1.757378474	5.51996115483e-09	5.69454039479e-10	-3.49598006989e-09	1.99902393223e-08
0.8	130	50	1.774838019	5.48744671924e-09	4.42090253294e-10	-3.59473121446e-09	1.91625404633e-08
0.8	130	50	1.792472159	5.45558553888e-09	3.1577862547e-10	-3.69326048232e-09	1.83334094041e-08
0.8	130	50	1.81028264	5.42440303786e-09	1.90520044185e-10	-3.79158898482e-09	1.75029347631e-08
0.8	130	50	1.828271225	5.39387257081e-09	6.63075150342e-11	-3.88973822372e-09	1.66711723364e-08
0.8	130	50	1.83		5.39098798935e-09	5.44935208069e-11	-3.8991107953e-09	1.65916105389e-08
0.8	130	50	1.835		5.3826938462e-09	2.04227745826e-11	-3.92616046768e-09	1.63618753659e-08
0.8	130	50	1.846439695	5.36400712736e-09	-5.68824987113e-11	-3.98772871373e-09	1.58382459308e-08
0.8	130	50	1.864789849	5.33478361486e-09	-1.79045001047e-10	-4.0855822658e-09	1.50041748945e-08
0.8	130	50	1.883323504	5.30620736239e-09	-3.00194535896e-10	-4.18331974474e-09	1.41690220891e-08
0.8	130	50	1.902042495	5.27827204166e-09	-4.20339540952e-10	-4.28096220645e-09	1.33329408314e-08
0.8	130	50	1.920948675	5.25098531323e-09	-5.39507549746e-10	-4.37853047232e-09	1.24959674062e-08
0.8	130	50	1.940043916	5.22432608285e-09	-6.57666143766e-10	-4.47604613434e-09	1.16581698946e-08
0.8	130	50	1.959330109	5.19830700707e-09	-7.74859509889e-10	-4.57353025299e-09	1.08196412017e-08
0.8	130	50	1.978809163	5.17291287583e-09	-8.91090090605e-10	-4.67100289226e-09	9.98043005534e-09
0.8	130	50	1.998483007	5.14814957331e-09	-1.00636232681e-09	-4.76848613764e-09	9.14067262381e-09
0.8	130	50	2.018353589	5.12400277763e-09	-1.12067866098e-09	-4.86600081689e-09	8.3003900886e-09
0.8	130	50	2.038422876	5.10047237778e-09	-1.23405818897e-09	-4.96356799577e-09	7.45968792353e-09
0.8	130	50	2.058692855	5.07756170443e-09	-1.34650535166e-09	-5.06120908731e-09	6.61864371992e-09
0.8	130	50	2.079165533	5.055267982e-09	-1.45801903884e-09	-5.15894538401e-09	5.7773232289e-09
0.8	130	50	2.099842937	5.03358177362e-09	-1.56862678402e-09	-5.25679763455e-09	4.93583051153e-09
0.8	130	50	2.120727115	5.01250685403e-09	-1.67832858722e-09	-5.35478726826e-09	4.09419299157e-09
0.8	130	50	2.141820134	4.99203389737e-09	-1.78712866727e-09	-5.45293592002e-09	3.25253208785e-09
0.8	130	50	2.163124083	4.97216878781e-09	-1.89502413761e-09	-5.55126530135e-09	2.41092129137e-09
0.8	130	50	2.184641071	4.95290952696e-09	-2.00204541834e-09	-5.64979664302e-09	1.5694263377e-09
0.8	130	50	2.242097375	4.90520701835e-09	-2.27857754886e-09	-5.90931337172e-09	-6.3628725996e-10
0.8	130	50	2.300128242	4.86230500307e-09	-2.54493581764e-09	-6.16661076061e-09	-2.80443763736e-09
0.8	130	50	2.358739417	4.82391637746e-09	-2.80171152944e-09	-6.42213833618e-09	-4.93527465957e-09
0.8	130	50	2.417936703	4.78983275265e-09	-3.04942227025e-09	-6.67631478913e-09	-7.02908824873e-09
0.8	130	50	2.477725961	4.75985906245e-09	-3.28852944875e-09	-6.92952902251e-09	-9.08618818435e-09
0.8	130	50	2.538113111	4.73380790122e-09	-3.51948359345e-09	-7.18214645661e-09	-1.1106905923e-08
0.8	130	50	2.599104132	4.71152616921e-09	-3.74267727921e-09	-7.43450842709e-09	-1.30915963937e-08
0.8	130	50	2.660705063	4.69287075866e-09	-3.95847732371e-09	-7.68693774566e-09	-1.50406387992e-08
0.8	130	50	2.722922003	4.67769933898e-09	-4.16723766605e-09	-7.93973799355e-09	-1.69544539044e-08
0.8	130	50	2.785761112	4.66589589188e-09	-4.3692667262e-09	-8.19319835668e-09	-1.8833439136e-08
0.8	130	50	2.849228612	4.65734606436e-09	-4.56486648481e-09	-8.44759217596e-09	-2.06780121784e-08
0.8	130	50	2.913330787	4.65195426624e-09	-4.75428518776e-09	-8.70318128828e-09	-2.24886288174e-08
0.8	130	50	2.978073983	4.64963267888e-09	-4.93779661603e-09	-8.96021596898e-09	-2.42657359999e-08
0.8	130	50	3.04346461	4.65028926477e-09	-5.11560505068e-09	-9.21893660599e-09	-2.60097709607e-08
0.8	130	50	3.109509143	4.65387328674e-09	-5.28796140209e-09	-9.47957402002e-09	-2.77212085203e-08
0.8	130	50	3.176214121	4.66028649004e-09	-5.45502687466e-09	-9.74235196742e-09	-2.94005256603e-08
0.8	130	50	3.243586148	4.66948746336e-09	-5.61699731172e-09	-1.00074864589e-08	-3.10481651797e-08
0.8	130	50	3.311631895	4.68142724586e-09	-5.77404879465e-09	-1.027518724e-08	-3.26645989129e-08
0.8	130	50	3.380358099	4.69604999331e-09	-5.92631832497e-09	-1.05456589977e-08	-3.42503414627e-08
0.8	130	50	3.449771565	4.71331018659e-09	-6.07396688501e-09	-1.08191019991e-08	-3.5805857757e-08
0.8	130	50	3.519879165	4.73317673944e-09	-6.21711060411e-09	-1.10957113234e-08	-3.73316132268e-08
0.8	130	50	3.590687841	4.75562744739e-09	-6.3558736052e-09	-1.13756779315e-08	-3.88280787163e-08
0.8	130	50	3.662204603	4.78062334164e-09	-6.49037268374e-09	-1.16591918181e-08	-4.02957536409e-08
0.8	130	50	3.734436532	4.80814132953e-09	-6.62069998825e-09	-1.19464384347e-08	-4.1735101506e-08
0.8	130	50	3.80739078	4.83816708918e-09	-6.7469485554e-09	-1.22376017102e-08	-4.31466202891e-08
0.8	130	50	3.88107457	4.87067763899e-09	-6.86919832127e-09	-1.25328630367e-08	-4.45307345843e-08
0.8	130	50	3.955495197	4.9056707585e-09	-6.98752655737e-09	-1.28324034567e-08	-4.58879847338e-08
0.8	130	50	4.03066003	4.94313323607e-09	-7.10201186749e-09	-1.31364018394e-08	-4.72187719329e-08
